Performing C SOURCE FILE Test CMAKE_HAVE_LIBC_PTHREAD failed with the following output:
Change Dir: /home/KALYANBHETWAL/IEGenLib/cmake-build-debug-remote/CMakeFiles/CMakeTmp

Run Build Command(s):/usr/bin/gmake cmTC_782b8/fast && /usr/bin/gmake -f CMakeFiles/cmTC_782b8.dir/build.make CMakeFiles/cmTC_782b8.dir/build
gmake[1]: Entering directory '/home/KALYANBHETWAL/IEGenLib/cmake-build-debug-remote/CMakeFiles/CMakeTmp'
Building C object CMakeFiles/cmTC_782b8.dir/src.c.o
/usr/bin/cc   -DCMAKE_HAVE_LIBC_PTHREAD   -o CMakeFiles/cmTC_782b8.dir/src.c.o   -c /home/KALYANBHETWAL/IEGenLib/cmake-build-debug-remote/CMakeFiles/CMakeTmp/src.c
Linking C executable cmTC_782b8
/usr/local/apps/cmake/bin/cmake -E cmake_link_script CMakeFiles/cmTC_782b8.dir/link.txt --verbose=1
/usr/bin/cc  -DCMAKE_HAVE_LIBC_PTHREAD    -rdynamic CMakeFiles/cmTC_782b8.dir/src.c.o  -o cmTC_782b8 
CMakeFiles/cmTC_782b8.dir/src.c.o: In function `main':
src.c:(.text+0x2d): undefined reference to `pthread_create'
src.c:(.text+0x39): undefined reference to `pthread_detach'
src.c:(.text+0x4a): undefined reference to `pthread_join'
collect2: error: ld returned 1 exit status
gmake[1]: *** [CMakeFiles/cmTC_782b8.dir/build.make:87: cmTC_782b8] Error 1
gmake[1]: Leaving directory '/home/KALYANBHETWAL/IEGenLib/cmake-build-debug-remote/CMakeFiles/CMakeTmp'
gmake: *** [Makefile:121: cmTC_782b8/fast] Error 2


Source file was:
#include <pthread.h>

void* test_func(void* data)
{
  return data;
}

int main(void)
{
  pthread_t thread;
  pthread_create(&thread, NULL, test_func, NULL);
  pthread_detach(thread);
  pthread_join(thread, NULL);
  pthread_atfork(NULL, NULL, NULL);
  pthread_exit(NULL);

  return 0;
}

Determining if the function pthread_create exists in the pthreads failed with the following output:
Change Dir: /home/KALYANBHETWAL/IEGenLib/cmake-build-debug-remote/CMakeFiles/CMakeTmp

Run Build Command(s):/usr/bin/gmake cmTC_6d365/fast && /usr/bin/gmake -f CMakeFiles/cmTC_6d365.dir/build.make CMakeFiles/cmTC_6d365.dir/build
gmake[1]: Entering directory '/home/KALYANBHETWAL/IEGenLib/cmake-build-debug-remote/CMakeFiles/CMakeTmp'
Building C object CMakeFiles/cmTC_6d365.dir/CheckFunctionExists.c.o
/usr/bin/cc   -DCHECK_FUNCTION_EXISTS=pthread_create   -o CMakeFiles/cmTC_6d365.dir/CheckFunctionExists.c.o   -c /usr/local/apps/cmake/share/cmake-3.15/Modules/CheckFunctionExists.c
Linking C executable cmTC_6d365
/usr/local/apps/cmake/bin/cmake -E cmake_link_script CMakeFiles/cmTC_6d365.dir/link.txt --verbose=1
/usr/bin/cc  -DCHECK_FUNCTION_EXISTS=pthread_create    -rdynamic CMakeFiles/cmTC_6d365.dir/CheckFunctionExists.c.o  -o cmTC_6d365 -lpthreads 
/usr/bin/ld: cannot find -lpthreads
collect2: error: ld returned 1 exit status
gmake[1]: *** [CMakeFiles/cmTC_6d365.dir/build.make:87: cmTC_6d365] Error 1
gmake[1]: Leaving directory '/home/KALYANBHETWAL/IEGenLib/cmake-build-debug-remote/CMakeFiles/CMakeTmp'
gmake: *** [Makefile:121: cmTC_6d365/fast] Error 2



