This file contains any messages produced by compilers while
running configure, to aid debugging if configure makes a mistake.

It was created by isl configure 0.16.1, which was
generated by GNU Autoconf 2.69.  Invocation command line was

  $ /mnt/c/Users/shivi/Desktop/Project/Code/IEGenLib-improve-computation-api/lib/isl/configure --prefix=/mnt/c/Users/shivi/Desktop/Project/Code/IEGenLib-improve-computation-api/lib/installed --with-int=imath-32 --disable-shared --with-pic

## --------- ##
## Platform. ##
## --------- ##

hostname = LAPTOP-2GJ3R0K6
uname -m = x86_64
uname -r = 4.4.0-19041-Microsoft
uname -s = Linux
uname -v = #488-Microsoft Mon Sep 01 13:43:00 PST 2020

/usr/bin/uname -p = unknown
/bin/uname -X     = unknown

/bin/arch              = unknown
/usr/bin/arch -k       = unknown
/usr/convex/getsysinfo = unknown
/usr/bin/hostinfo      = unknown
/bin/machine           = unknown
/usr/bin/oslevel       = unknown
/bin/universe          = unknown

PATH: /home/shivani/.local/bin
PATH: /usr/local/sbin
PATH: /usr/local/bin
PATH: /usr/sbin
PATH: /usr/bin
PATH: /sbin
PATH: /bin
PATH: /usr/games
PATH: /usr/local/games
PATH: /mnt/c/Python/Scripts/
PATH: /mnt/c/Python/
PATH: /mnt/c/Program Files (x86)/Common Files/Oracle/Java/javapath
PATH: /mnt/c/Program Files (x86)/Intel/Intel(R) Management Engine Components/iCLS/
PATH: /mnt/c/Program Files/Intel/Intel(R) Management Engine Components/iCLS/
PATH: /mnt/c/windows/system32
PATH: /mnt/c/windows
PATH: /mnt/c/windows/System32/Wbem
PATH: /mnt/c/windows/System32/WindowsPowerShell/v1.0/
PATH: /mnt/c/Program Files (x86)/NVIDIA Corporation/PhysX/Common
PATH: /mnt/c/WINDOWS/system32
PATH: /mnt/c/WINDOWS
PATH: /mnt/c/WINDOWS/System32/Wbem
PATH: /mnt/c/WINDOWS/System32/WindowsPowerShell/v1.0/
PATH: /mnt/c/WINDOWS/System32/OpenSSH/
PATH: /mnt/c/Program Files (x86)/Intel/Intel(R) Management Engine Components/DAL
PATH: /mnt/c/Program Files/Intel/Intel(R) Management Engine Components/DAL
PATH: /mnt/c/Program Files (x86)/Intel/Intel(R) Management Engine Components/IPT
PATH: /mnt/c/Program Files/Intel/Intel(R) Management Engine Components/IPT
PATH: /mnt/c/Program Files/ISC BIND 9/bin
PATH: /mnt/c/Users/ratho/Desktop/antlr-4.7.2-complete.jar
PATH: /mnt/c/Program Files/Intel/WiFi/bin/
PATH: /mnt/c/Program Files/Common Files/Intel/WirelessCommon/
PATH: /mnt/c/Program Files/Git/cmd
PATH: /mnt/c/Program Files/CMake/bin
PATH: /mnt/c/Program Files/Microsoft SQL Server/Client SDK/ODBC/170/Tools/Binn/
PATH: /mnt/c/Program Files (x86)/Microsoft SQL Server/150/Tools/Binn/
PATH: /mnt/c/Program Files/Microsoft SQL Server/150/Tools/Binn/
PATH: /mnt/c/Program Files/Microsoft SQL Server/150/DTS/Binn/
PATH: /mnt/c/Program Files (x86)/Microsoft SQL Server/150/DTS/Binn/
PATH: /mnt/c/Users/shivi/AppData/Local/Microsoft/WindowsApps
PATH: /mnt/c/Users/shivi/AppData/Local/Programs/Microsoft VS Code/bin
PATH: /mnt/f/apache-maven-3.6.2-bin.tar/bin
PATH: /mnt/c/Program Files/heroku/bin
PATH: /mnt/c/Program Files/JetBrains/CLion 2020.2.3/bin
PATH: /snap/bin


## ----------- ##
## Core tests. ##
## ----------- ##

configure:2829: checking for a BSD-compatible install
configure:2897: result: /usr/bin/install -c
configure:2908: checking whether build environment is sane
configure:2963: result: yes
configure:3114: checking for a thread-safe mkdir -p
configure:3153: result: /bin/mkdir -p
configure:3160: checking for gawk
configure:3176: found /usr/bin/gawk
configure:3187: result: gawk
configure:3198: checking whether make sets $(MAKE)
configure:3220: result: yes
configure:3249: checking whether make supports nested variables
configure:3266: result: yes
configure:3403: checking whether make supports nested variables
configure:3420: result: yes
configure:3494: checking for gcc
configure:3510: found /usr/bin/gcc
configure:3521: result: gcc
configure:3750: checking for C compiler version
configure:3759: gcc --version >&5
gcc (Ubuntu 7.4.0-1ubuntu1~18.04.1) 7.4.0
Copyright (C) 2017 Free Software Foundation, Inc.
This is free software; see the source for copying conditions.  There is NO
warranty; not even for MERCHANTABILITY or FITNESS FOR A PARTICULAR PURPOSE.

configure:3770: $? = 0
configure:3759: gcc -v >&5
Using built-in specs.
COLLECT_GCC=gcc
COLLECT_LTO_WRAPPER=/usr/lib/gcc/x86_64-linux-gnu/7/lto-wrapper
OFFLOAD_TARGET_NAMES=nvptx-none
OFFLOAD_TARGET_DEFAULT=1
Target: x86_64-linux-gnu
Configured with: ../src/configure -v --with-pkgversion='Ubuntu 7.4.0-1ubuntu1~18.04.1' --with-bugurl=file:///usr/share/doc/gcc-7/README.Bugs --enable-languages=c,ada,c++,go,brig,d,fortran,objc,obj-c++ --prefix=/usr --with-gcc-major-version-only --program-suffix=-7 --program-prefix=x86_64-linux-gnu- --enable-shared --enable-linker-build-id --libexecdir=/usr/lib --without-included-gettext --enable-threads=posix --libdir=/usr/lib --enable-nls --with-sysroot=/ --enable-clocale=gnu --enable-libstdcxx-debug --enable-libstdcxx-time=yes --with-default-libstdcxx-abi=new --enable-gnu-unique-object --disable-vtable-verify --enable-libmpx --enable-plugin --enable-default-pie --with-system-zlib --with-target-system-zlib --enable-objc-gc=auto --enable-multiarch --disable-werror --with-arch-32=i686 --with-abi=m64 --with-multilib-list=m32,m64,mx32 --enable-multilib --with-tune=generic --enable-offload-targets=nvptx-none --without-cuda-driver --enable-checking=release --build=x86_64-linux-gnu --host=x86_64-linux-gnu --target=x86_64-linux-gnu
Thread model: posix
gcc version 7.4.0 (Ubuntu 7.4.0-1ubuntu1~18.04.1) 
configure:3770: $? = 0
configure:3759: gcc -V >&5
gcc: error: unrecognized command line option '-V'
gcc: fatal error: no input files
compilation terminated.
configure:3770: $? = 1
configure:3759: gcc -qversion >&5
gcc: error: unrecognized command line option '-qversion'; did you mean '--version'?
gcc: fatal error: no input files
compilation terminated.
configure:3770: $? = 1
configure:3790: checking whether the C compiler works
configure:3812: gcc    conftest.c  >&5
configure:3816: $? = 0
configure:3864: result: yes
configure:3867: checking for C compiler default output file name
configure:3869: result: a.out
configure:3875: checking for suffix of executables
configure:3882: gcc -o conftest    conftest.c  >&5
configure:3886: $? = 0
configure:3908: result: 
configure:3930: checking whether we are cross compiling
configure:3938: gcc -o conftest    conftest.c  >&5
configure:3942: $? = 0
configure:3949: ./conftest
configure:3953: $? = 0
configure:3968: result: no
configure:3973: checking for suffix of object files
configure:3995: gcc -c   conftest.c >&5
configure:3999: $? = 0
configure:4020: result: o
configure:4024: checking whether we are using the GNU C compiler
configure:4043: gcc -c   conftest.c >&5
configure:4043: $? = 0
configure:4052: result: yes
configure:4061: checking whether gcc accepts -g
configure:4081: gcc -c -g  conftest.c >&5
configure:4081: $? = 0
configure:4122: result: yes
configure:4139: checking for gcc option to accept ISO C89
configure:4202: gcc  -c -g -O2  conftest.c >&5
configure:4202: $? = 0
configure:4215: result: none needed
configure:4240: checking whether gcc understands -c and -o together
configure:4262: gcc -c conftest.c -o conftest2.o
configure:4265: $? = 0
configure:4262: gcc -c conftest.c -o conftest2.o
configure:4265: $? = 0
configure:4277: result: yes
configure:4305: checking for style of include used by make
configure:4333: result: GNU
configure:4359: checking dependency style of gcc
configure:4470: result: gcc3
configure:4543: checking for g++
configure:4559: found /usr/bin/g++
configure:4570: result: g++
configure:4597: checking for C++ compiler version
configure:4606: g++ --version >&5
g++ (Ubuntu 7.4.0-1ubuntu1~18.04.1) 7.4.0
Copyright (C) 2017 Free Software Foundation, Inc.
This is free software; see the source for copying conditions.  There is NO
warranty; not even for MERCHANTABILITY or FITNESS FOR A PARTICULAR PURPOSE.

configure:4617: $? = 0
configure:4606: g++ -v >&5
Using built-in specs.
COLLECT_GCC=g++
COLLECT_LTO_WRAPPER=/usr/lib/gcc/x86_64-linux-gnu/7/lto-wrapper
OFFLOAD_TARGET_NAMES=nvptx-none
OFFLOAD_TARGET_DEFAULT=1
Target: x86_64-linux-gnu
Configured with: ../src/configure -v --with-pkgversion='Ubuntu 7.4.0-1ubuntu1~18.04.1' --with-bugurl=file:///usr/share/doc/gcc-7/README.Bugs --enable-languages=c,ada,c++,go,brig,d,fortran,objc,obj-c++ --prefix=/usr --with-gcc-major-version-only --program-suffix=-7 --program-prefix=x86_64-linux-gnu- --enable-shared --enable-linker-build-id --libexecdir=/usr/lib --without-included-gettext --enable-threads=posix --libdir=/usr/lib --enable-nls --with-sysroot=/ --enable-clocale=gnu --enable-libstdcxx-debug --enable-libstdcxx-time=yes --with-default-libstdcxx-abi=new --enable-gnu-unique-object --disable-vtable-verify --enable-libmpx --enable-plugin --enable-default-pie --with-system-zlib --with-target-system-zlib --enable-objc-gc=auto --enable-multiarch --disable-werror --with-arch-32=i686 --with-abi=m64 --with-multilib-list=m32,m64,mx32 --enable-multilib --with-tune=generic --enable-offload-targets=nvptx-none --without-cuda-driver --enable-checking=release --build=x86_64-linux-gnu --host=x86_64-linux-gnu --target=x86_64-linux-gnu
Thread model: posix
gcc version 7.4.0 (Ubuntu 7.4.0-1ubuntu1~18.04.1) 
configure:4617: $? = 0
configure:4606: g++ -V >&5
g++: error: unrecognized command line option '-V'
g++: fatal error: no input files
compilation terminated.
configure:4617: $? = 1
configure:4606: g++ -qversion >&5
g++: error: unrecognized command line option '-qversion'; did you mean '--version'?
g++: fatal error: no input files
compilation terminated.
configure:4617: $? = 1
configure:4621: checking whether we are using the GNU C++ compiler
configure:4640: g++ -c   conftest.cpp >&5
configure:4640: $? = 0
configure:4649: result: yes
configure:4658: checking whether g++ accepts -g
configure:4678: g++ -c -g  conftest.cpp >&5
configure:4678: $? = 0
configure:4719: result: yes
configure:4744: checking dependency style of g++
configure:4855: result: gcc3
configure:4873: checking for C compiler vendor
configure:4897: gcc -c -g -O2  conftest.c >&5
conftest.c: In function 'main':
conftest.c:17:7: error: 'thisisanerror' undeclared (first use in this function)
       thisisanerror;
       ^~~~~~~~~~~~~
conftest.c:17:7: note: each undeclared identifier is reported only once for each function it appears in
configure:4897: $? = 1
configure: failed program was:
| /* confdefs.h */
| #define PACKAGE_NAME "isl"
| #define PACKAGE_TARNAME "isl"
| #define PACKAGE_VERSION "0.16.1"
| #define PACKAGE_STRING "isl 0.16.1"
| #define PACKAGE_BUGREPORT "isl-development@googlegroups.com"
| #define PACKAGE_URL ""
| #define PACKAGE "isl"
| #define VERSION "0.16.1"
| /* end confdefs.h.  */
| 
| int
| main ()
| {
| 
| #if !(defined(__ICC) || defined(__ECC) || defined(__INTEL_COMPILER))
|       thisisanerror;
| #endif
| 
|   ;
|   return 0;
| }
configure:4897: gcc -c -g -O2  conftest.c >&5
conftest.c: In function 'main':
conftest.c:17:7: error: 'thisisanerror' undeclared (first use in this function)
       thisisanerror;
       ^~~~~~~~~~~~~
conftest.c:17:7: note: each undeclared identifier is reported only once for each function it appears in
configure:4897: $? = 1
configure: failed program was:
| /* confdefs.h */
| #define PACKAGE_NAME "isl"
| #define PACKAGE_TARNAME "isl"
| #define PACKAGE_VERSION "0.16.1"
| #define PACKAGE_STRING "isl 0.16.1"
| #define PACKAGE_BUGREPORT "isl-development@googlegroups.com"
| #define PACKAGE_URL ""
| #define PACKAGE "isl"
| #define VERSION "0.16.1"
| /* end confdefs.h.  */
| 
| int
| main ()
| {
| 
| #if !(defined(__xlc__) || defined(__xlC__) || defined(__IBMC__) || defined(__IBMCPP__))
|       thisisanerror;
| #endif
| 
|   ;
|   return 0;
| }
configure:4897: gcc -c -g -O2  conftest.c >&5
conftest.c: In function 'main':
conftest.c:17:7: error: 'thisisanerror' undeclared (first use in this function)
       thisisanerror;
       ^~~~~~~~~~~~~
conftest.c:17:7: note: each undeclared identifier is reported only once for each function it appears in
configure:4897: $? = 1
configure: failed program was:
| /* confdefs.h */
| #define PACKAGE_NAME "isl"
| #define PACKAGE_TARNAME "isl"
| #define PACKAGE_VERSION "0.16.1"
| #define PACKAGE_STRING "isl 0.16.1"
| #define PACKAGE_BUGREPORT "isl-development@googlegroups.com"
| #define PACKAGE_URL ""
| #define PACKAGE "isl"
| #define VERSION "0.16.1"
| /* end confdefs.h.  */
| 
| int
| main ()
| {
| 
| #if !(defined(__PATHCC__) || defined(__PATHSCALE__))
|       thisisanerror;
| #endif
| 
|   ;
|   return 0;
| }
configure:4897: gcc -c -g -O2  conftest.c >&5
conftest.c: In function 'main':
conftest.c:17:7: error: 'thisisanerror' undeclared (first use in this function)
       thisisanerror;
       ^~~~~~~~~~~~~
conftest.c:17:7: note: each undeclared identifier is reported only once for each function it appears in
configure:4897: $? = 1
configure: failed program was:
| /* confdefs.h */
| #define PACKAGE_NAME "isl"
| #define PACKAGE_TARNAME "isl"
| #define PACKAGE_VERSION "0.16.1"
| #define PACKAGE_STRING "isl 0.16.1"
| #define PACKAGE_BUGREPORT "isl-development@googlegroups.com"
| #define PACKAGE_URL ""
| #define PACKAGE "isl"
| #define VERSION "0.16.1"
| /* end confdefs.h.  */
| 
| int
| main ()
| {
| 
| #if !(defined(__clang__))
|       thisisanerror;
| #endif
| 
|   ;
|   return 0;
| }
configure:4897: gcc -c -g -O2  conftest.c >&5
configure:4897: $? = 0
configure:4904: result: gnu
configure:4911: checking build system type
configure:4925: result: x86_64-unknown-linux-gnu
configure:4945: checking host system type
configure:4958: result: x86_64-unknown-linux-gnu
configure:5234: checking whether C compiler accepts -malign-double
configure:5253: gcc -c -malign-double  conftest.c >&5
configure:5253: $? = 0
configure:5263: result: yes
configure:5273: checking whether C compiler accepts -fstrict-aliasing
configure:5292: gcc -c -fstrict-aliasing  conftest.c >&5
configure:5292: $? = 0
configure:5302: result: yes
configure:5312: checking whether C compiler accepts -ffast-math
configure:5331: gcc -c -ffast-math  conftest.c >&5
configure:5331: $? = 0
configure:5341: result: yes
configure:5362: checking for gcc architecture flag
configure:5364: result: 
configure:5386: checking for x86 cpuid 0 output
configure:5415: gcc -o conftest -O3 -fomit-frame-pointer -malign-double -fstrict-aliasing -ffast-math   conftest.c  >&5
configure:5415: $? = 0
configure:5415: ./conftest
configure:5415: $? = 0
configure:5425: result: 16:756e6547:6c65746e:49656e69
configure:5441: checking for x86 cpuid 1 output
configure:5470: gcc -o conftest -O3 -fomit-frame-pointer -malign-double -fstrict-aliasing -ffast-math   conftest.c  >&5
configure:5470: $? = 0
configure:5470: ./conftest
configure:5470: $? = 0
configure:5480: result: 806e9:3100800:7ffafbbf:bfebfbff
configure:5694: checking whether C compiler accepts -march=pentiumpro
configure:5709: gcc -c -march=pentiumpro  conftest.c >&5
cc1: error: CPU you selected does not support x86-64 instruction set
configure:5709: $? = 1
configure: failed program was:
| /* confdefs.h */
| #define PACKAGE_NAME "isl"
| #define PACKAGE_TARNAME "isl"
| #define PACKAGE_VERSION "0.16.1"
| #define PACKAGE_STRING "isl 0.16.1"
| #define PACKAGE_BUGREPORT "isl-development@googlegroups.com"
| #define PACKAGE_URL ""
| #define PACKAGE "isl"
| #define VERSION "0.16.1"
| /* end confdefs.h.  */
| 
| int
| main ()
| {
| 
|   ;
|   return 0;
| }
configure:5717: result: no
configure:5694: checking whether C compiler accepts -mcpu=pentiumpro
configure:5709: gcc -c -mcpu=pentiumpro  conftest.c >&5
gcc: warning: '-mcpu=' is deprecated; use '-mtune=' or '-march=' instead
cc1: error: CPU you selected does not support x86-64 instruction set
configure:5709: $? = 1
configure: failed program was:
| /* confdefs.h */
| #define PACKAGE_NAME "isl"
| #define PACKAGE_TARNAME "isl"
| #define PACKAGE_VERSION "0.16.1"
| #define PACKAGE_STRING "isl 0.16.1"
| #define PACKAGE_BUGREPORT "isl-development@googlegroups.com"
| #define PACKAGE_URL ""
| #define PACKAGE "isl"
| #define VERSION "0.16.1"
| /* end confdefs.h.  */
| 
| int
| main ()
| {
| 
|   ;
|   return 0;
| }
configure:5717: result: no
configure:5694: checking whether C compiler accepts -mpentiumpro
configure:5709: gcc -c -mpentiumpro  conftest.c >&5
gcc: error: unrecognized command line option '-mpentiumpro'
configure:5709: $? = 1
configure: failed program was:
| /* confdefs.h */
| #define PACKAGE_NAME "isl"
| #define PACKAGE_TARNAME "isl"
| #define PACKAGE_VERSION "0.16.1"
| #define PACKAGE_STRING "isl 0.16.1"
| #define PACKAGE_BUGREPORT "isl-development@googlegroups.com"
| #define PACKAGE_URL ""
| #define PACKAGE "isl"
| #define VERSION "0.16.1"
| /* end confdefs.h.  */
| 
| int
| main ()
| {
| 
|   ;
|   return 0;
| }
configure:5717: result: no
configure:5734: checking for gcc architecture flag
configure:5736: result: unknown
configure:5768: checking whether C compiler accepts -O3 -fomit-frame-pointer -malign-double -fstrict-aliasing -ffast-math
configure:5783: gcc -c -O3 -fomit-frame-pointer -malign-double -fstrict-aliasing -ffast-math  conftest.c >&5
configure:5783: $? = 0
configure:5791: result: yes
configure:5811: checking whether the compiler supports function __attribute__((__warn_unused_result__))
configure:5829: gcc -c -O3 -fomit-frame-pointer -malign-double -fstrict-aliasing -ffast-math  conftest.c >&5
configure:5829: $? = 0
configure:5836: result: yes
configure:5845: checking for __attribute__
configure:5867: gcc -c -O3 -fomit-frame-pointer -malign-double -fstrict-aliasing -ffast-math  conftest.c >&5
configure:5867: $? = 0
configure:5876: result: yes
configure:5931: checking how to print strings
configure:5958: result: printf
configure:5979: checking for a sed that does not truncate output
configure:6043: result: /bin/sed
configure:6061: checking for grep that handles long lines and -e
configure:6119: result: /bin/grep
configure:6124: checking for egrep
configure:6186: result: /bin/grep -E
configure:6191: checking for fgrep
configure:6253: result: /bin/grep -F
configure:6288: checking for ld used by gcc
configure:6355: result: /usr/bin/ld
configure:6362: checking if the linker (/usr/bin/ld) is GNU ld
configure:6377: result: yes
configure:6389: checking for BSD- or MS-compatible name lister (nm)
configure:6438: result: /usr/bin/nm -B
configure:6568: checking the name lister (/usr/bin/nm -B) interface
configure:6575: gcc -c -O3 -fomit-frame-pointer -malign-double -fstrict-aliasing -ffast-math  conftest.c >&5
configure:6578: /usr/bin/nm -B "conftest.o"
configure:6581: output
0000000000000000 B some_variable
configure:6588: result: BSD nm
configure:6591: checking whether ln -s works
configure:6595: result: yes
configure:6603: checking the maximum length of command line arguments
configure:6734: result: 1572864
configure:6782: checking how to convert x86_64-unknown-linux-gnu file names to x86_64-unknown-linux-gnu format
configure:6822: result: func_convert_file_noop
configure:6829: checking how to convert x86_64-unknown-linux-gnu file names to toolchain format
configure:6849: result: func_convert_file_noop
configure:6856: checking for /usr/bin/ld option to reload object files
configure:6863: result: -r
configure:6937: checking for objdump
configure:6953: found /usr/bin/objdump
configure:6964: result: objdump
configure:6996: checking how to recognize dependent libraries
configure:7193: result: pass_all
configure:7278: checking for dlltool
configure:7308: result: no
configure:7338: checking how to associate runtime and link libraries
configure:7365: result: printf %s\n
configure:7425: checking for ar
configure:7441: found /usr/bin/ar
configure:7452: result: ar
configure:7489: checking for archiver @FILE support
configure:7506: gcc -c -O3 -fomit-frame-pointer -malign-double -fstrict-aliasing -ffast-math  conftest.c >&5
configure:7506: $? = 0
configure:7509: ar cru libconftest.a @conftest.lst >&5
ar: `u' modifier ignored since `D' is the default (see `U')
configure:7512: $? = 0
configure:7517: ar cru libconftest.a @conftest.lst >&5
ar: `u' modifier ignored since `D' is the default (see `U')
ar: conftest.o: No such file or directory
configure:7520: $? = 1
configure:7532: result: @
configure:7590: checking for strip
configure:7606: found /usr/bin/strip
configure:7617: result: strip
configure:7689: checking for ranlib
configure:7705: found /usr/bin/ranlib
configure:7716: result: ranlib
configure:7818: checking command to parse /usr/bin/nm -B output from gcc object
configure:7971: gcc -c -O3 -fomit-frame-pointer -malign-double -fstrict-aliasing -ffast-math  conftest.c >&5
configure:7974: $? = 0
configure:7978: /usr/bin/nm -B conftest.o \| sed -n -e 's/^.*[ ]\([ABCDGIRSTW][ABCDGIRSTW]*\)[ ][ ]*\([_A-Za-z][_A-Za-z0-9]*\)$/\1 \2 \2/p' | sed '/ __gnu_lto/d' \> conftest.nm
configure:7981: $? = 0
configure:8047: gcc -o conftest -O3 -fomit-frame-pointer -malign-double -fstrict-aliasing -ffast-math   conftest.c conftstm.o >&5
configure:8050: $? = 0
configure:8088: result: ok
configure:8135: checking for sysroot
configure:8165: result: no
configure:8285: gcc -c -O3 -fomit-frame-pointer -malign-double -fstrict-aliasing -ffast-math  conftest.c >&5
configure:8288: $? = 0
configure:8478: checking for mt
configure:8494: found /bin/mt
configure:8505: result: mt
configure:8528: checking if mt is a manifest tool
configure:8534: mt '-?'
configure:8542: result: no
configure:9184: checking how to run the C preprocessor
configure:9215: gcc -E  conftest.c
configure:9215: $? = 0
configure:9229: gcc -E  conftest.c
conftest.c:13:10: fatal error: ac_nonexistent.h: No such file or directory
 #include <ac_nonexistent.h>
          ^~~~~~~~~~~~~~~~~~
compilation terminated.
configure:9229: $? = 1
configure: failed program was:
| /* confdefs.h */
| #define PACKAGE_NAME "isl"
| #define PACKAGE_TARNAME "isl"
| #define PACKAGE_VERSION "0.16.1"
| #define PACKAGE_STRING "isl 0.16.1"
| #define PACKAGE_BUGREPORT "isl-development@googlegroups.com"
| #define PACKAGE_URL ""
| #define PACKAGE "isl"
| #define VERSION "0.16.1"
| #define GCC_WARN_UNUSED_RESULT __attribute__((__warn_unused_result__))
| #define HAVE___ATTRIBUTE__ 1
| /* end confdefs.h.  */
| #include <ac_nonexistent.h>
configure:9254: result: gcc -E
configure:9274: gcc -E  conftest.c
configure:9274: $? = 0
configure:9288: gcc -E  conftest.c
conftest.c:13:10: fatal error: ac_nonexistent.h: No such file or directory
 #include <ac_nonexistent.h>
          ^~~~~~~~~~~~~~~~~~
compilation terminated.
configure:9288: $? = 1
configure: failed program was:
| /* confdefs.h */
| #define PACKAGE_NAME "isl"
| #define PACKAGE_TARNAME "isl"
| #define PACKAGE_VERSION "0.16.1"
| #define PACKAGE_STRING "isl 0.16.1"
| #define PACKAGE_BUGREPORT "isl-development@googlegroups.com"
| #define PACKAGE_URL ""
| #define PACKAGE "isl"
| #define VERSION "0.16.1"
| #define GCC_WARN_UNUSED_RESULT __attribute__((__warn_unused_result__))
| #define HAVE___ATTRIBUTE__ 1
| /* end confdefs.h.  */
| #include <ac_nonexistent.h>
configure:9317: checking for ANSI C header files
configure:9337: gcc -c -O3 -fomit-frame-pointer -malign-double -fstrict-aliasing -ffast-math  conftest.c >&5
configure:9337: $? = 0
configure:9410: gcc -o conftest -O3 -fomit-frame-pointer -malign-double -fstrict-aliasing -ffast-math   conftest.c  >&5
configure:9410: $? = 0
configure:9410: ./conftest
configure:9410: $? = 0
configure:9421: result: yes
configure:9434: checking for sys/types.h
configure:9434: gcc -c -O3 -fomit-frame-pointer -malign-double -fstrict-aliasing -ffast-math  conftest.c >&5
configure:9434: $? = 0
configure:9434: result: yes
configure:9434: checking for sys/stat.h
configure:9434: gcc -c -O3 -fomit-frame-pointer -malign-double -fstrict-aliasing -ffast-math  conftest.c >&5
configure:9434: $? = 0
configure:9434: result: yes
configure:9434: checking for stdlib.h
configure:9434: gcc -c -O3 -fomit-frame-pointer -malign-double -fstrict-aliasing -ffast-math  conftest.c >&5
configure:9434: $? = 0
configure:9434: result: yes
configure:9434: checking for string.h
configure:9434: gcc -c -O3 -fomit-frame-pointer -malign-double -fstrict-aliasing -ffast-math  conftest.c >&5
configure:9434: $? = 0
configure:9434: result: yes
configure:9434: checking for memory.h
configure:9434: gcc -c -O3 -fomit-frame-pointer -malign-double -fstrict-aliasing -ffast-math  conftest.c >&5
configure:9434: $? = 0
configure:9434: result: yes
configure:9434: checking for strings.h
configure:9434: gcc -c -O3 -fomit-frame-pointer -malign-double -fstrict-aliasing -ffast-math  conftest.c >&5
configure:9434: $? = 0
configure:9434: result: yes
configure:9434: checking for inttypes.h
configure:9434: gcc -c -O3 -fomit-frame-pointer -malign-double -fstrict-aliasing -ffast-math  conftest.c >&5
configure:9434: $? = 0
configure:9434: result: yes
configure:9434: checking for stdint.h
configure:9434: gcc -c -O3 -fomit-frame-pointer -malign-double -fstrict-aliasing -ffast-math  conftest.c >&5
configure:9434: $? = 0
configure:9434: result: yes
configure:9434: checking for unistd.h
configure:9434: gcc -c -O3 -fomit-frame-pointer -malign-double -fstrict-aliasing -ffast-math  conftest.c >&5
configure:9434: $? = 0
configure:9434: result: yes
configure:9448: checking for dlfcn.h
configure:9448: gcc -c -O3 -fomit-frame-pointer -malign-double -fstrict-aliasing -ffast-math  conftest.c >&5
configure:9448: $? = 0
configure:9448: result: yes
configure:9663: checking for objdir
configure:9678: result: .libs
configure:9949: checking if gcc supports -fno-rtti -fno-exceptions
configure:9967: gcc -c -O3 -fomit-frame-pointer -malign-double -fstrict-aliasing -ffast-math  -fno-rtti -fno-exceptions conftest.c >&5
cc1: warning: command line option '-fno-rtti' is valid for C++/ObjC++ but not for C
configure:9971: $? = 0
configure:9984: result: no
configure:10332: checking for gcc option to produce PIC
configure:10339: result: -fPIC -DPIC
configure:10347: checking if gcc PIC flag -fPIC -DPIC works
configure:10365: gcc -c -O3 -fomit-frame-pointer -malign-double -fstrict-aliasing -ffast-math  -fPIC -DPIC -DPIC conftest.c >&5
configure:10369: $? = 0
configure:10382: result: yes
configure:10411: checking if gcc static flag -static works
configure:10439: result: yes
configure:10454: checking if gcc supports -c -o file.o
configure:10475: gcc -c -O3 -fomit-frame-pointer -malign-double -fstrict-aliasing -ffast-math  -o out/conftest2.o conftest.c >&5
configure:10479: $? = 0
configure:10501: result: yes
configure:10509: checking if gcc supports -c -o file.o
configure:10556: result: yes
configure:10589: checking whether the gcc linker (/usr/bin/ld -m elf_x86_64) supports shared libraries
configure:11737: result: yes
configure:11977: checking dynamic linker characteristics
configure:12504: gcc -o conftest -O3 -fomit-frame-pointer -malign-double -fstrict-aliasing -ffast-math   -Wl,-rpath -Wl,/foo conftest.c  >&5
configure:12504: $? = 0
configure:12715: result: GNU/Linux ld.so
configure:12822: checking how to hardcode library paths into programs
configure:12847: result: immediate
configure:13395: checking whether stripping libraries is possible
configure:13400: result: yes
configure:13435: checking if libtool supports shared libraries
configure:13437: result: yes
configure:13440: checking whether to build shared libraries
configure:13461: result: no
configure:13464: checking whether to build static libraries
configure:13468: result: yes
configure:13491: checking how to run the C++ preprocessor
configure:13518: g++ -E  conftest.cpp
configure:13518: $? = 0
configure:13532: g++ -E  conftest.cpp
conftest.cpp:25:10: fatal error: ac_nonexistent.h: No such file or directory
 #include <ac_nonexistent.h>
          ^~~~~~~~~~~~~~~~~~
compilation terminated.
configure:13532: $? = 1
configure: failed program was:
| /* confdefs.h */
| #define PACKAGE_NAME "isl"
| #define PACKAGE_TARNAME "isl"
| #define PACKAGE_VERSION "0.16.1"
| #define PACKAGE_STRING "isl 0.16.1"
| #define PACKAGE_BUGREPORT "isl-development@googlegroups.com"
| #define PACKAGE_URL ""
| #define PACKAGE "isl"
| #define VERSION "0.16.1"
| #define GCC_WARN_UNUSED_RESULT __attribute__((__warn_unused_result__))
| #define HAVE___ATTRIBUTE__ 1
| #define STDC_HEADERS 1
| #define HAVE_SYS_TYPES_H 1
| #define HAVE_SYS_STAT_H 1
| #define HAVE_STDLIB_H 1
| #define HAVE_STRING_H 1
| #define HAVE_MEMORY_H 1
| #define HAVE_STRINGS_H 1
| #define HAVE_INTTYPES_H 1
| #define HAVE_STDINT_H 1
| #define HAVE_UNISTD_H 1
| #define HAVE_DLFCN_H 1
| #define LT_OBJDIR ".libs/"
| /* end confdefs.h.  */
| #include <ac_nonexistent.h>
configure:13557: result: g++ -E
configure:13577: g++ -E  conftest.cpp
configure:13577: $? = 0
configure:13591: g++ -E  conftest.cpp
conftest.cpp:25:10: fatal error: ac_nonexistent.h: No such file or directory
 #include <ac_nonexistent.h>
          ^~~~~~~~~~~~~~~~~~
compilation terminated.
configure:13591: $? = 1
configure: failed program was:
| /* confdefs.h */
| #define PACKAGE_NAME "isl"
| #define PACKAGE_TARNAME "isl"
| #define PACKAGE_VERSION "0.16.1"
| #define PACKAGE_STRING "isl 0.16.1"
| #define PACKAGE_BUGREPORT "isl-development@googlegroups.com"
| #define PACKAGE_URL ""
| #define PACKAGE "isl"
| #define VERSION "0.16.1"
| #define GCC_WARN_UNUSED_RESULT __attribute__((__warn_unused_result__))
| #define HAVE___ATTRIBUTE__ 1
| #define STDC_HEADERS 1
| #define HAVE_SYS_TYPES_H 1
| #define HAVE_SYS_STAT_H 1
| #define HAVE_STDLIB_H 1
| #define HAVE_STRING_H 1
| #define HAVE_MEMORY_H 1
| #define HAVE_STRINGS_H 1
| #define HAVE_INTTYPES_H 1
| #define HAVE_STDINT_H 1
| #define HAVE_UNISTD_H 1
| #define HAVE_DLFCN_H 1
| #define LT_OBJDIR ".libs/"
| /* end confdefs.h.  */
| #include <ac_nonexistent.h>
configure:13760: checking for ld used by g++
configure:13827: result: /usr/bin/ld -m elf_x86_64
configure:13834: checking if the linker (/usr/bin/ld -m elf_x86_64) is GNU ld
configure:13849: result: yes
configure:13904: checking whether the g++ linker (/usr/bin/ld -m elf_x86_64) supports shared libraries
configure:14902: result: yes
configure:14938: g++ -c -g -O2  conftest.cpp >&5
configure:14941: $? = 0
configure:15462: checking for g++ option to produce PIC
configure:15469: result: -fPIC -DPIC
configure:15477: checking if g++ PIC flag -fPIC -DPIC works
configure:15495: g++ -c -g -O2  -fPIC -DPIC -DPIC conftest.cpp >&5
configure:15499: $? = 0
configure:15512: result: yes
configure:15535: checking if g++ static flag -static works
configure:15563: result: yes
configure:15575: checking if g++ supports -c -o file.o
configure:15596: g++ -c -g -O2  -o out/conftest2.o conftest.cpp >&5
configure:15600: $? = 0
configure:15622: result: yes
configure:15627: checking if g++ supports -c -o file.o
configure:15674: result: yes
configure:15704: checking whether the g++ linker (/usr/bin/ld -m elf_x86_64) supports shared libraries
configure:15740: result: yes
configure:15881: checking dynamic linker characteristics
configure:16546: result: GNU/Linux ld.so
configure:16599: checking how to hardcode library paths into programs
configure:16624: result: immediate
configure:16688: checking for perl
configure:16704: found /usr/bin/perl
configure:16715: result: perl
configure:16725: checking for pdflatex
configure:16755: result: no
configure:16762: checking for pod2html
configure:16778: found /usr/bin/pod2html
configure:16789: result: pod2html
configure:16808: checking for stdint types
configure:16831: gcc -c   conftest.c >&5
configure:16831: $? = 0
configure:16875: result: stdint.h (shortcircuit)
configure:17262: result: make use of stdint.h in include/isl/stdint.h (assuming C99 compatible system)
configure:17527: checking imath.h usability
configure:17527: gcc -c -O3 -fomit-frame-pointer -malign-double -fstrict-aliasing -ffast-math -I/mnt/c/Users/shivi/Desktop/Project/Code/IEGenLib-improve-computation-api/lib/isl/imath_wrap  conftest.c >&5
configure:17527: $? = 0
configure:17527: result: yes
configure:17527: checking imath.h presence
configure:17527: gcc -E -I/mnt/c/Users/shivi/Desktop/Project/Code/IEGenLib-improve-computation-api/lib/isl/imath_wrap  conftest.c
configure:17527: $? = 0
configure:17527: result: yes
configure:17527: checking for imath.h
configure:17527: result: yes
configure:17535: checking gmp_compat.h usability
configure:17535: gcc -c -O3 -fomit-frame-pointer -malign-double -fstrict-aliasing -ffast-math -I/mnt/c/Users/shivi/Desktop/Project/Code/IEGenLib-improve-computation-api/lib/isl/imath_wrap  conftest.c >&5
configure:17535: $? = 0
configure:17535: result: yes
configure:17535: checking gmp_compat.h presence
configure:17535: gcc -E -I/mnt/c/Users/shivi/Desktop/Project/Code/IEGenLib-improve-computation-api/lib/isl/imath_wrap  conftest.c
configure:17535: $? = 0
configure:17535: result: yes
configure:17535: checking for gmp_compat.h
configure:17535: result: yes
configure:17593: checking whether ffs is declared
configure:17593: gcc -c -O3 -fomit-frame-pointer -malign-double -fstrict-aliasing -ffast-math  conftest.c >&5
configure:17593: $? = 0
configure:17593: result: yes
configure:17605: checking whether __builtin_ffs is declared
configure:17605: gcc -c -O3 -fomit-frame-pointer -malign-double -fstrict-aliasing -ffast-math  conftest.c >&5
configure:17605: $? = 0
configure:17605: result: yes
configure:17616: checking whether _BitScanForward is declared
configure:17616: gcc -c -O3 -fomit-frame-pointer -malign-double -fstrict-aliasing -ffast-math  conftest.c >&5
conftest.c:29:10: fatal error: intrin.h: No such file or directory
 #include <intrin.h>
          ^~~~~~~~~~
compilation terminated.
configure:17616: $? = 1
configure: failed program was:
| /* confdefs.h */
| #define PACKAGE_NAME "isl"
| #define PACKAGE_TARNAME "isl"
| #define PACKAGE_VERSION "0.16.1"
| #define PACKAGE_STRING "isl 0.16.1"
| #define PACKAGE_BUGREPORT "isl-development@googlegroups.com"
| #define PACKAGE_URL ""
| #define PACKAGE "isl"
| #define VERSION "0.16.1"
| #define GCC_WARN_UNUSED_RESULT __attribute__((__warn_unused_result__))
| #define HAVE___ATTRIBUTE__ 1
| #define STDC_HEADERS 1
| #define HAVE_SYS_TYPES_H 1
| #define HAVE_SYS_STAT_H 1
| #define HAVE_STDLIB_H 1
| #define HAVE_STRING_H 1
| #define HAVE_MEMORY_H 1
| #define HAVE_STRINGS_H 1
| #define HAVE_INTTYPES_H 1
| #define HAVE_STDINT_H 1
| #define HAVE_UNISTD_H 1
| #define HAVE_DLFCN_H 1
| #define LT_OBJDIR ".libs/"
| #define USE_IMATH_FOR_MP /**/
| #define USE_SMALL_INT_OPT /**/
| #define HAVE_DECL_FFS 1
| #define HAVE_DECL___BUILTIN_FFS 1
| /* end confdefs.h.  */
| #include <intrin.h>
| 
| int
| main ()
| {
| #ifndef _BitScanForward
| #ifdef __cplusplus
|   (void) _BitScanForward;
| #else
|   (void) _BitScanForward;
| #endif
| #endif
| 
|   ;
|   return 0;
| }
configure:17616: result: no
configure:17633: checking whether strcasecmp is declared
configure:17633: gcc -c -O3 -fomit-frame-pointer -malign-double -fstrict-aliasing -ffast-math  conftest.c >&5
configure:17633: $? = 0
configure:17633: result: yes
configure:17644: checking whether strncasecmp is declared
configure:17644: gcc -c -O3 -fomit-frame-pointer -malign-double -fstrict-aliasing -ffast-math  conftest.c >&5
configure:17644: $? = 0
configure:17644: result: yes
configure:17656: checking whether _stricmp is declared
configure:17656: gcc -c -O3 -fomit-frame-pointer -malign-double -fstrict-aliasing -ffast-math  conftest.c >&5
conftest.c: In function 'main':
conftest.c:41:10: error: '_stricmp' undeclared (first use in this function); did you mean 'strncmp'?
   (void) _stricmp;
          ^~~~~~~~
          strncmp
conftest.c:41:10: note: each undeclared identifier is reported only once for each function it appears in
configure:17656: $? = 1
configure: failed program was:
| /* confdefs.h */
| #define PACKAGE_NAME "isl"
| #define PACKAGE_TARNAME "isl"
| #define PACKAGE_VERSION "0.16.1"
| #define PACKAGE_STRING "isl 0.16.1"
| #define PACKAGE_BUGREPORT "isl-development@googlegroups.com"
| #define PACKAGE_URL ""
| #define PACKAGE "isl"
| #define VERSION "0.16.1"
| #define GCC_WARN_UNUSED_RESULT __attribute__((__warn_unused_result__))
| #define HAVE___ATTRIBUTE__ 1
| #define STDC_HEADERS 1
| #define HAVE_SYS_TYPES_H 1
| #define HAVE_SYS_STAT_H 1
| #define HAVE_STDLIB_H 1
| #define HAVE_STRING_H 1
| #define HAVE_MEMORY_H 1
| #define HAVE_STRINGS_H 1
| #define HAVE_INTTYPES_H 1
| #define HAVE_STDINT_H 1
| #define HAVE_UNISTD_H 1
| #define HAVE_DLFCN_H 1
| #define LT_OBJDIR ".libs/"
| #define USE_IMATH_FOR_MP /**/
| #define USE_SMALL_INT_OPT /**/
| #define HAVE_DECL_FFS 1
| #define HAVE_DECL___BUILTIN_FFS 1
| #define HAVE_DECL__BITSCANFORWARD 0
| #define HAVE_DECL_STRCASECMP 1
| #define HAVE_DECL_STRNCASECMP 1
| /* end confdefs.h.  */
| #include <string.h>
| 
| int
| main ()
| {
| #ifndef _stricmp
| #ifdef __cplusplus
|   (void) _stricmp;
| #else
|   (void) _stricmp;
| #endif
| #endif
| 
|   ;
|   return 0;
| }
configure:17656: result: no
configure:17667: checking whether _strnicmp is declared
configure:17667: gcc -c -O3 -fomit-frame-pointer -malign-double -fstrict-aliasing -ffast-math  conftest.c >&5
conftest.c: In function 'main':
conftest.c:42:10: error: '_strnicmp' undeclared (first use in this function); did you mean 'strncmp'?
   (void) _strnicmp;
          ^~~~~~~~~
          strncmp
conftest.c:42:10: note: each undeclared identifier is reported only once for each function it appears in
configure:17667: $? = 1
configure: failed program was:
| /* confdefs.h */
| #define PACKAGE_NAME "isl"
| #define PACKAGE_TARNAME "isl"
| #define PACKAGE_VERSION "0.16.1"
| #define PACKAGE_STRING "isl 0.16.1"
| #define PACKAGE_BUGREPORT "isl-development@googlegroups.com"
| #define PACKAGE_URL ""
| #define PACKAGE "isl"
| #define VERSION "0.16.1"
| #define GCC_WARN_UNUSED_RESULT __attribute__((__warn_unused_result__))
| #define HAVE___ATTRIBUTE__ 1
| #define STDC_HEADERS 1
| #define HAVE_SYS_TYPES_H 1
| #define HAVE_SYS_STAT_H 1
| #define HAVE_STDLIB_H 1
| #define HAVE_STRING_H 1
| #define HAVE_MEMORY_H 1
| #define HAVE_STRINGS_H 1
| #define HAVE_INTTYPES_H 1
| #define HAVE_STDINT_H 1
| #define HAVE_UNISTD_H 1
| #define HAVE_DLFCN_H 1
| #define LT_OBJDIR ".libs/"
| #define USE_IMATH_FOR_MP /**/
| #define USE_SMALL_INT_OPT /**/
| #define HAVE_DECL_FFS 1
| #define HAVE_DECL___BUILTIN_FFS 1
| #define HAVE_DECL__BITSCANFORWARD 0
| #define HAVE_DECL_STRCASECMP 1
| #define HAVE_DECL_STRNCASECMP 1
| #define HAVE_DECL__STRICMP 0
| /* end confdefs.h.  */
| #include <string.h>
| 
| int
| main ()
| {
| #ifndef _strnicmp
| #ifdef __cplusplus
|   (void) _strnicmp;
| #else
|   (void) _strnicmp;
| #endif
| #endif
| 
|   ;
|   return 0;
| }
configure:17667: result: no
configure:17687: checking whether snprintf is declared
configure:17687: gcc -c -O3 -fomit-frame-pointer -malign-double -fstrict-aliasing -ffast-math  conftest.c >&5
configure:17687: $? = 0
configure:17687: result: yes
configure:17698: checking whether _snprintf is declared
configure:17698: gcc -c -O3 -fomit-frame-pointer -malign-double -fstrict-aliasing -ffast-math  conftest.c >&5
conftest.c: In function 'main':
conftest.c:44:10: error: '_snprintf' undeclared (first use in this function); did you mean 'vsnprintf'?
   (void) _snprintf;
          ^~~~~~~~~
          vsnprintf
conftest.c:44:10: note: each undeclared identifier is reported only once for each function it appears in
configure:17698: $? = 1
configure: failed program was:
| /* confdefs.h */
| #define PACKAGE_NAME "isl"
| #define PACKAGE_TARNAME "isl"
| #define PACKAGE_VERSION "0.16.1"
| #define PACKAGE_STRING "isl 0.16.1"
| #define PACKAGE_BUGREPORT "isl-development@googlegroups.com"
| #define PACKAGE_URL ""
| #define PACKAGE "isl"
| #define VERSION "0.16.1"
| #define GCC_WARN_UNUSED_RESULT __attribute__((__warn_unused_result__))
| #define HAVE___ATTRIBUTE__ 1
| #define STDC_HEADERS 1
| #define HAVE_SYS_TYPES_H 1
| #define HAVE_SYS_STAT_H 1
| #define HAVE_STDLIB_H 1
| #define HAVE_STRING_H 1
| #define HAVE_MEMORY_H 1
| #define HAVE_STRINGS_H 1
| #define HAVE_INTTYPES_H 1
| #define HAVE_STDINT_H 1
| #define HAVE_UNISTD_H 1
| #define HAVE_DLFCN_H 1
| #define LT_OBJDIR ".libs/"
| #define USE_IMATH_FOR_MP /**/
| #define USE_SMALL_INT_OPT /**/
| #define HAVE_DECL_FFS 1
| #define HAVE_DECL___BUILTIN_FFS 1
| #define HAVE_DECL__BITSCANFORWARD 0
| #define HAVE_DECL_STRCASECMP 1
| #define HAVE_DECL_STRNCASECMP 1
| #define HAVE_DECL__STRICMP 0
| #define HAVE_DECL__STRNICMP 0
| #define HAVE_DECL_SNPRINTF 1
| /* end confdefs.h.  */
| #include <stdio.h>
| 
| int
| main ()
| {
| #ifndef _snprintf
| #ifdef __cplusplus
|   (void) _snprintf;
| #else
|   (void) _snprintf;
| #endif
| #endif
| 
|   ;
|   return 0;
| }
configure:17698: result: no
configure:17795: checking which clang to use
configure:17797: result: no
configure:18391: checking for C compiler vendor
configure:18422: result: gnu
configure:18443: checking our pkgconfig libname
configure:18451: result: isl
configure:18454: checking our pkgconfig version
configure:18462: result: 0.16.1
configure:18465: checking our pkgconfig_libdir
configure:18472: result: ${libdir}/pkgconfig
configure:18475: result: expanded our pkgconfig_libdir... /mnt/c/Users/shivi/Desktop/Project/Code/IEGenLib-improve-computation-api/lib/installed/lib/pkgconfig
configure:18479: checking our pkgconfig_libfile
configure:18485: result: isl.pc
configure:18492: checking our package / suffix
configure:18496: result: isl / 
configure:18499: checking our pkgconfig description
configure:18506: result: isl Library
configure:18509: checking our pkgconfig requires
configure:18514: result: 
configure:18517: checking our pkgconfig ext libs
configure:18524: result: -lisl
configure:18527: checking our pkgconfig cppflags
configure:18532: result: -std=gnu99 -I/mnt/c/Users/shivi/Desktop/Project/Code/IEGenLib-improve-computation-api/lib/isl/imath_wrap
configure:18535: checking our pkgconfig ldflags
configure:18540: result: 
configure:18580: result: noninstalled pkgconfig -L /mnt/c/Users/shivi/Desktop/Project/Code/IEGenLib-improve-computation-api/build/lib-isl-prefix/src/lib-isl-build/.libs
configure:18615: result: noninstalled pkgconfig -I //mnt/c/Users/shivi/Desktop/Project/Code/IEGenLib-improve-computation-api/lib/isl/include
configure:18783: checking that generated files are newer than configure
configure:18789: result: done
configure:18844: creating ./config.status

## ---------------------- ##
## Running config.status. ##
## ---------------------- ##

This file was extended by isl config.status 0.16.1, which was
generated by GNU Autoconf 2.69.  Invocation command line was

  CONFIG_FILES    = 
  CONFIG_HEADERS  = 
  CONFIG_LINKS    = 
  CONFIG_COMMANDS = 
  $ ./config.status 

on LAPTOP-2GJ3R0K6

config.status:1234: creating Makefile
config.status:1234: creating doc/Makefile
config.status:1234: creating bound_test.sh
config.status:1234: creating codegen_test.sh
config.status:1234: creating pip_test.sh
config.status:1234: creating isl_config.h
config.status:1448: executing depfiles commands
config.status:1448: executing libtool commands
config.status:1448: executing include/isl/stdint.h commands
config.status:2193: creating include/isl/stdint.h : _ISL_INCLUDE_ISL_STDINT_H
config.status:1448: executing isl.pc commands
config.status:2675: creating isl.pc.in
config.status:2698: creating isl.pc
config.status:2724: creating isl-uninstalled.pc
config.status:2754: creating isl-uninstalled.sh

## ---------------- ##
## Cache variables. ##
## ---------------- ##

ac_cv_build=x86_64-unknown-linux-gnu
ac_cv_c_compiler_gnu=yes
ac_cv_cxx_compiler_gnu=yes
ac_cv_env_CCC_set=
ac_cv_env_CCC_value=
ac_cv_env_CC_set=
ac_cv_env_CC_value=
ac_cv_env_CFLAGS_set=
ac_cv_env_CFLAGS_value=
ac_cv_env_CPPFLAGS_set=
ac_cv_env_CPPFLAGS_value=
ac_cv_env_CPP_set=
ac_cv_env_CPP_value=
ac_cv_env_CXXCPP_set=
ac_cv_env_CXXCPP_value=
ac_cv_env_CXXFLAGS_set=
ac_cv_env_CXXFLAGS_value=
ac_cv_env_CXX_set=
ac_cv_env_CXX_value=
ac_cv_env_LDFLAGS_set=
ac_cv_env_LDFLAGS_value=
ac_cv_env_LIBS_set=
ac_cv_env_LIBS_value=
ac_cv_env_build_alias_set=
ac_cv_env_build_alias_value=
ac_cv_env_host_alias_set=
ac_cv_env_host_alias_value=
ac_cv_env_target_alias_set=
ac_cv_env_target_alias_value=
ac_cv_have_decl__BitScanForward=no
ac_cv_have_decl___builtin_ffs=yes
ac_cv_have_decl__snprintf=no
ac_cv_have_decl__stricmp=no
ac_cv_have_decl__strnicmp=no
ac_cv_have_decl_ffs=yes
ac_cv_have_decl_snprintf=yes
ac_cv_have_decl_strcasecmp=yes
ac_cv_have_decl_strncasecmp=yes
ac_cv_header_dlfcn_h=yes
ac_cv_header_gmp_compat_h=yes
ac_cv_header_imath_h=yes
ac_cv_header_inttypes_h=yes
ac_cv_header_memory_h=yes
ac_cv_header_stdc=yes
ac_cv_header_stdint=stdint.h
ac_cv_header_stdint_h=yes
ac_cv_header_stdint_t=stdint.h
ac_cv_header_stdlib_h=yes
ac_cv_header_string_h=yes
ac_cv_header_strings_h=yes
ac_cv_header_sys_stat_h=yes
ac_cv_header_sys_types_h=yes
ac_cv_header_unistd_h=yes
ac_cv_host=x86_64-unknown-linux-gnu
ac_cv_objext=o
ac_cv_path_EGREP='/bin/grep -E'
ac_cv_path_FGREP='/bin/grep -F'
ac_cv_path_GREP=/bin/grep
ac_cv_path_SED=/bin/sed
ac_cv_path_install='/usr/bin/install -c'
ac_cv_path_mkdir=/bin/mkdir
ac_cv_prog_AWK=gawk
ac_cv_prog_CPP='gcc -E'
ac_cv_prog_CXXCPP='g++ -E'
ac_cv_prog_PERL=perl
ac_cv_prog_POD2HTML=pod2html
ac_cv_prog_ac_ct_AR=ar
ac_cv_prog_ac_ct_CC=gcc
ac_cv_prog_ac_ct_CXX=g++
ac_cv_prog_ac_ct_MANIFEST_TOOL=mt
ac_cv_prog_ac_ct_OBJDUMP=objdump
ac_cv_prog_ac_ct_RANLIB=ranlib
ac_cv_prog_ac_ct_STRIP=strip
ac_cv_prog_cc_c89=
ac_cv_prog_cc_g=yes
ac_cv_prog_cxx_g=yes
ac_cv_prog_make_make_set=yes
ac_cv_stdint_message='using gnu compiler gcc (Ubuntu 7.4.0-1ubuntu1~18.04.1) 7.4.0'
ac_cv_stdint_result='(assuming C99 compatible system)'
am_cv_CC_dependencies_compiler_type=gcc3
am_cv_CXX_dependencies_compiler_type=gcc3
am_cv_make_support_nested_variables=yes
am_cv_prog_cc_c_o=yes
ax_cv___attribute__=yes
ax_cv_c_compiler_vendor=gnu
ax_cv_c_flags__O3__fomit_frame_pointer__malign_double__fstrict_aliasing__ffast_math=yes
ax_cv_c_flags__ffast_math=yes
ax_cv_c_flags__fstrict_aliasing=yes
ax_cv_c_flags__malign_double=yes
ax_cv_c_flags__march_pentiumpro=no
ax_cv_c_flags__mcpu_pentiumpro=no
ax_cv_c_flags__mpentiumpro=no
ax_cv_gcc_archflag=unknown
ax_cv_gcc_warn_unused_result=yes
ax_cv_gcc_x86_cpuid_0=16:756e6547:6c65746e:49656e69
ax_cv_gcc_x86_cpuid_1=806e9:3100800:7ffafbbf:bfebfbff
lt_cv_ar_at_file=@
lt_cv_deplibs_check_method=pass_all
lt_cv_file_magic_cmd='$MAGIC_CMD'
lt_cv_file_magic_test_file=
lt_cv_ld_reload_flag=-r
lt_cv_nm_interface='BSD nm'
lt_cv_objdir=.libs
lt_cv_path_LD=/usr/bin/ld
lt_cv_path_LDCXX='/usr/bin/ld -m elf_x86_64'
lt_cv_path_NM='/usr/bin/nm -B'
lt_cv_path_mainfest_tool=no
lt_cv_prog_compiler_c_o=yes
lt_cv_prog_compiler_c_o_CXX=yes
lt_cv_prog_compiler_pic='-fPIC -DPIC'
lt_cv_prog_compiler_pic_CXX='-fPIC -DPIC'
lt_cv_prog_compiler_pic_works=yes
lt_cv_prog_compiler_pic_works_CXX=yes
lt_cv_prog_compiler_rtti_exceptions=no
lt_cv_prog_compiler_static_works=yes
lt_cv_prog_compiler_static_works_CXX=yes
lt_cv_prog_gnu_ld=yes
lt_cv_prog_gnu_ldcxx=yes
lt_cv_sharedlib_from_linklib_cmd='printf %s\n'
lt_cv_shlibpath_overrides_runpath=yes
lt_cv_sys_global_symbol_pipe='sed -n -e '\''s/^.*[	 ]\([ABCDGIRSTW][ABCDGIRSTW]*\)[	 ][	 ]*\([_A-Za-z][_A-Za-z0-9]*\)$/\1 \2 \2/p'\'' | sed '\''/ __gnu_lto/d'\'''
lt_cv_sys_global_symbol_to_c_name_address='sed -n -e '\''s/^: \(.*\) .*$/  {"\1", (void *) 0},/p'\'' -e '\''s/^[ABCDGIRSTW][ABCDGIRSTW]* .* \(.*\)$/  {"\1", (void *) \&\1},/p'\'''
lt_cv_sys_global_symbol_to_c_name_address_lib_prefix='sed -n -e '\''s/^: \(.*\) .*$/  {"\1", (void *) 0},/p'\'' -e '\''s/^[ABCDGIRSTW][ABCDGIRSTW]* .* \(lib.*\)$/  {"\1", (void *) \&\1},/p'\'' -e '\''s/^[ABCDGIRSTW][ABCDGIRSTW]* .* \(.*\)$/  {"lib\1", (void *) \&\1},/p'\'''
lt_cv_sys_global_symbol_to_cdecl='sed -n -e '\''s/^T .* \(.*\)$/extern int \1();/p'\'' -e '\''s/^[ABCDGIRSTW][ABCDGIRSTW]* .* \(.*\)$/extern char \1;/p'\'''
lt_cv_sys_global_symbol_to_import=
lt_cv_sys_max_cmd_len=1572864
lt_cv_to_host_file_cmd=func_convert_file_noop
lt_cv_to_tool_file_cmd=func_convert_file_noop

## ----------------- ##
## Output variables. ##
## ----------------- ##

ACLOCAL='${SHELL} /mnt/c/Users/shivi/Desktop/Project/Code/IEGenLib-improve-computation-api/lib/isl/missing aclocal-1.15'
AMDEPBACKSLASH='\'
AMDEP_FALSE='#'
AMDEP_TRUE=''
AMTAR='$${TAR-tar}'
AM_BACKSLASH='\'
AM_DEFAULT_V='$(AM_DEFAULT_VERBOSITY)'
AM_DEFAULT_VERBOSITY='0'
AM_V='$(V)'
AR='ar'
AUTOCONF='${SHELL} /mnt/c/Users/shivi/Desktop/Project/Code/IEGenLib-improve-computation-api/lib/isl/missing autoconf'
AUTOHEADER='${SHELL} /mnt/c/Users/shivi/Desktop/Project/Code/IEGenLib-improve-computation-api/lib/isl/missing autoheader'
AUTOMAKE='${SHELL} /mnt/c/Users/shivi/Desktop/Project/Code/IEGenLib-improve-computation-api/lib/isl/missing automake-1.15'
AWK='gawk'
CC='gcc'
CCDEPMODE='depmode=gcc3'
CFLAGS='-O3 -fomit-frame-pointer -malign-double -fstrict-aliasing -ffast-math'
CLANG_CXXFLAGS=''
CLANG_LDFLAGS=''
CLANG_LIBS=''
CPP='gcc -E'
CPPFLAGS=''
CXX='g++'
CXXCPP='g++ -E'
CXXDEPMODE='depmode=gcc3'
CXXFLAGS='-g -O2'
CYGPATH_W='echo'
DEFS='-DHAVE_CONFIG_H'
DEPDIR='.deps'
DLLTOOL='false'
DSYMUTIL=''
DUMPBIN=''
ECHO_C=''
ECHO_N='-n'
ECHO_T=''
EGREP='/bin/grep -E'
EXEEXT=''
FGREP='/bin/grep -F'
GENERATE_DOC_FALSE=''
GENERATE_DOC_TRUE='#'
GIT_HEAD=''
GIT_HEAD_ID='isl-0.16.1'
GIT_HEAD_VERSION='isl-0.16.1'
GMP_FOR_MP_FALSE=''
GMP_FOR_MP_TRUE='#'
GREP='/bin/grep'
HAVE_CLANG_FALSE=''
HAVE_CLANG_TRUE='#'
IMATH_FOR_MP_FALSE='#'
IMATH_FOR_MP_TRUE=''
INSTALL_DATA='${INSTALL} -m 644'
INSTALL_PROGRAM='${INSTALL}'
INSTALL_SCRIPT='${INSTALL}'
INSTALL_STRIP_PROGRAM='$(install_sh) -c -s'
LD='/usr/bin/ld -m elf_x86_64'
LDFLAGS=''
LIBOBJS=''
LIBS=''
LIBTOOL='$(SHELL) $(top_builddir)/libtool'
LIB_CLANG_EDIT=''
LIPO=''
LN_S='ln -s'
LTLIBOBJS=''
MAKEINFO='${SHELL} /mnt/c/Users/shivi/Desktop/Project/Code/IEGenLib-improve-computation-api/lib/isl/missing makeinfo'
MANIFEST_TOOL=':'
MKDIR_P='/bin/mkdir -p'
MP_CPPFLAGS='-std=gnu99 -I/mnt/c/Users/shivi/Desktop/Project/Code/IEGenLib-improve-computation-api/lib/isl/imath_wrap'
MP_LDFLAGS=''
MP_LIBS=''
NEED_GET_MEMORY_FUNCTIONS_FALSE=''
NEED_GET_MEMORY_FUNCTIONS_TRUE='#'
NM='/usr/bin/nm -B'
NMEDIT=''
OBJDUMP='objdump'
OBJEXT='o'
OTOOL64=''
OTOOL=''
PACKAGE='isl'
PACKAGE_BUGREPORT='isl-development@googlegroups.com'
PACKAGE_NAME='isl'
PACKAGE_STRING='isl 0.16.1'
PACKAGE_TARNAME='isl'
PACKAGE_URL=''
PACKAGE_VERSION='0.16.1'
PATH_SEPARATOR=':'
PDFLATEX=''
PERL='perl'
POD2HTML='pod2html'
PRTDIAG=''
RANLIB='ranlib'
SED='/bin/sed'
SET_MAKE=''
SHELL='/bin/bash'
SMALL_INT_OPT_FALSE='#'
SMALL_INT_OPT_TRUE=''
STRIP='strip'
VERSION='0.16.1'
WARNING_FLAGS=''
ac_ct_AR='ar'
ac_ct_CC='gcc'
ac_ct_CXX='g++'
ac_ct_DUMPBIN=''
am__EXEEXT_FALSE=''
am__EXEEXT_TRUE='#'
am__fastdepCC_FALSE='#'
am__fastdepCC_TRUE=''
am__fastdepCXX_FALSE='#'
am__fastdepCXX_TRUE=''
am__include='include'
am__isrc=' -I$(srcdir)'
am__leading_dot='.'
am__nodep='_no'
am__quote=''
am__tar='$${TAR-tar} chof - "$$tardir"'
am__untar='$${TAR-tar} xf -'
bindir='${exec_prefix}/bin'
build='x86_64-unknown-linux-gnu'
build_alias=''
build_cpu='x86_64'
build_os='linux-gnu'
build_vendor='unknown'
datadir='${datarootdir}'
datarootdir='${prefix}/share'
docdir='${datarootdir}/doc/${PACKAGE_TARNAME}'
dvidir='${docdir}'
exec_prefix='${prefix}'
host='x86_64-unknown-linux-gnu'
host_alias=''
host_cpu='x86_64'
host_os='linux-gnu'
host_vendor='unknown'
htmldir='${docdir}'
includedir='${prefix}/include'
infodir='${datarootdir}/info'
install_sh='${SHELL} /mnt/c/Users/shivi/Desktop/Project/Code/IEGenLib-improve-computation-api/lib/isl/install-sh'
libdir='${exec_prefix}/lib'
libexecdir='${exec_prefix}/libexec'
llvm_config_found=''
localedir='${datarootdir}/locale'
localstatedir='${prefix}/var'
mandir='${datarootdir}/man'
mkdir_p='$(MKDIR_P)'
oldincludedir='/usr/include'
pdfdir='${docdir}'
pkgconfig_libdir='${libdir}/pkgconfig'
pkgconfig_libfile='isl.pc'
prefix='/mnt/c/Users/shivi/Desktop/Project/Code/IEGenLib-improve-computation-api/lib/installed'
program_transform_name='s,x,x,'
psdir='${docdir}'
runstatedir='${localstatedir}/run'
sbindir='${exec_prefix}/sbin'
sharedstatedir='${prefix}/com'
sysconfdir='${prefix}/etc'
target_alias=''
versioninfo='16:1:1'

## ----------- ##
## confdefs.h. ##
## ----------- ##

/* confdefs.h */
#define PACKAGE_NAME "isl"
#define PACKAGE_TARNAME "isl"
#define PACKAGE_VERSION "0.16.1"
#define PACKAGE_STRING "isl 0.16.1"
#define PACKAGE_BUGREPORT "isl-development@googlegroups.com"
#define PACKAGE_URL ""
#define PACKAGE "isl"
#define VERSION "0.16.1"
#define GCC_WARN_UNUSED_RESULT __attribute__((__warn_unused_result__))
#define HAVE___ATTRIBUTE__ 1
#define STDC_HEADERS 1
#define HAVE_SYS_TYPES_H 1
#define HAVE_SYS_STAT_H 1
#define HAVE_STDLIB_H 1
#define HAVE_STRING_H 1
#define HAVE_MEMORY_H 1
#define HAVE_STRINGS_H 1
#define HAVE_INTTYPES_H 1
#define HAVE_STDINT_H 1
#define HAVE_UNISTD_H 1
#define HAVE_DLFCN_H 1
#define LT_OBJDIR ".libs/"
#define USE_IMATH_FOR_MP /**/
#define USE_SMALL_INT_OPT /**/
#define HAVE_DECL_FFS 1
#define HAVE_DECL___BUILTIN_FFS 1
#define HAVE_DECL__BITSCANFORWARD 0
#define HAVE_DECL_STRCASECMP 1
#define HAVE_DECL_STRNCASECMP 1
#define HAVE_DECL__STRICMP 0
#define HAVE_DECL__STRNICMP 0
#define HAVE_DECL_SNPRINTF 1
#define HAVE_DECL__SNPRINTF 0

configure: exit 0

## ---------------------- ##
## Running config.status. ##
## ---------------------- ##

This file was extended by isl config.status 0.16.1, which was
generated by GNU Autoconf 2.69.  Invocation command line was

  CONFIG_FILES    = 
  CONFIG_HEADERS  = 
  CONFIG_LINKS    = 
  CONFIG_COMMANDS = 
  $ ./config.status isl_config.h

on LAPTOP-2GJ3R0K6

config.status:1234: creating isl_config.h
config.status:1400: isl_config.h is unchanged
